<?xml version="1.0" encoding="UTF-8"?>
<!-- Generated by org.testng.reporters.JUnitReportReporter -->
<testsuite skipped="0" hostname="DESKTOP-U822VNM" name="testcases.TC001_LoginAndLogout" tests="2" failures="0" timestamp="05 May 2018 20:34:44 GMT" time="18.220" errors="0">
  <testcase name="loginAndLogout" time="9.705" classname="testcases.TC001_LoginAndLogout"/>
  <testcase name="loginAndLogout" time="8.515" classname="testcases.TC001_LoginAndLogout"/>
</testsuite> <!-- testcases.TC001_LoginAndLogout -->
